<?xml version="1.0" encoding="UTF-8"?>
<!-- Generated by org.testng.reporters.JUnitReportReporter -->
<testsuite skipped="0" hostname="DESKTOP-VTBT3RG" name="TestNGBasics.firstclass" tests="6" failures="0" timestamp="2023-04-02T14:53:25 IST" time="0.019" errors="0">
  <testcase name="Testcase1" time="0.002" classname="TestNGBasics.firstclass"/>
  <system-out/>
  <testcase name="Testcase1" time="0.002" classname="TestNGBasics.firstclass"/>
  <system-out/>
  <testcase name="Testcase2" time="0.008" classname="TestNGBasics.firstclass"/>
  <system-out/>
  <testcase name="Testcase2" time="0.003" classname="TestNGBasics.firstclass"/>
  <system-out/>
  <testcase name="Testcase3" time="0.002" classname="TestNGBasics.firstclass"/>
  <system-out/>
  <testcase name="Testcase3" time="0.002" classname="TestNGBasics.firstclass"/>
  <system-out/>
</testsuite> <!-- TestNGBasics.firstclass -->
