<?xml version="1.0" encoding="UTF-8"?>
<!-- Generated by org.testng.reporters.JUnitReportReporter -->
<testsuite skipped="0" hostname="DESKTOP-VTBT3RG" name="Testcase.FacebookLoginandLogout" tests="1" failures="0" timestamp="2023-04-02T15:24:22 IST" time="0.404" errors="0">
  <testcase name="FacebookLoginandLogout" time="0.404" classname="Testcase.FacebookLoginandLogout"/>
  <system-out/>
</testsuite> <!-- Testcase.FacebookLoginandLogout -->
