<?xml version="1.0" encoding="UTF-8"?>
<!-- Generated by org.testng.reporters.JUnitReportReporter -->
<testsuite skipped="0" hostname="DESKTOP-VTBT3RG" name="TestNGBasics.secondclass" tests="2" failures="0" timestamp="2023-04-02T14:53:25 IST" time="0.003" errors="0">
  <testcase name="testcase1insecondclass" time="0.002" classname="TestNGBasics.secondclass"/>
  <system-out/>
  <testcase name="testcase1insecondclass" time="0.001" classname="TestNGBasics.secondclass"/>
  <system-out/>
</testsuite> <!-- TestNGBasics.secondclass -->
